hwk-3/DroidMail/app/build/intermediates/manifest_merge_blame_file/debug/manifest-merger-blame-debug-report.txt
1<?xml version="1.0" encoding="utf-8"?>
2<manifest xmlns:android="http://schemas.android.com/apk/res/android"
3    package="com.example.droidmail"
4    android:versionCode="1"
5    android:versionName="1.0" >
6
7    <uses-sdk
8        android:minSdkVersion="16"
8-->src/main/AndroidManifest.xml
9        android:targetSdkVersion="30" />
9-->src/main/AndroidManifest.xml
10
11    <uses-permission android:name="android.permission.INTERNET" />
11-->src/main/AndroidManifest.xml:23:5-67
11-->src/main/AndroidManifest.xml:23:22-64
12    <uses-permission android:name="android.permission.ACCESS_NETWORK_STATE" />
12-->src/main/AndroidManifest.xml:24:5-79
12-->src/main/AndroidManifest.xml:24:22-76
13
14    <application
14-->src/main/AndroidManifest.xml:5:5-22:19
15        android:allowBackup="true"
15-->src/main/AndroidManifest.xml:6:9-35
16        android:appComponentFactory="androidx.core.app.CoreComponentFactory"
16-->[androidx.core:core:1.3.1] AndroidManifest.xml:24:18-86
17        android:debuggable="true"
18        android:icon="@mipmap/ic_launcher"
18-->src/main/AndroidManifest.xml:7:9-43
19        android:label="@string/app_name"
19-->src/main/AndroidManifest.xml:8:9-41
20        android:roundIcon="@mipmap/ic_launcher_round"
20-->src/main/AndroidManifest.xml:9:9-54
21        android:supportsRtl="true"
21-->src/main/AndroidManifest.xml:10:9-35
22        android:testOnly="true"
23        android:theme="@style/AppTheme" >
23-->src/main/AndroidManifest.xml:11:9-40
24        <activity android:name="com.example.droidmail.LoginActivity" />
24-->src/main/AndroidManifest.xml:12:9-50
24-->src/main/AndroidManifest.xml:12:19-48
25        <activity android:name="com.example.droidmail.ListViewActivity" />
25-->src/main/AndroidManifest.xml:13:9-53
25-->src/main/AndroidManifest.xml:13:19-51
26        <activity android:name="com.example.droidmail.ComposeActivity" />
26-->src/main/AndroidManifest.xml:14:9-52
26-->src/main/AndroidManifest.xml:14:19-50
27        <activity android:name="com.example.droidmail.MainActivity" >
27-->src/main/AndroidManifest.xml:15:9-21:20
27-->src/main/AndroidManifest.xml:15:19-47
28            <intent-filter>
28-->src/main/AndroidManifest.xml:16:13-20:29
29                <action android:name="android.intent.action.MAIN" />
29-->src/main/AndroidManifest.xml:17:17-69
29-->src/main/AndroidManifest.xml:17:25-66
30
31                <category android:name="android.intent.category.LAUNCHER" />
31-->src/main/AndroidManifest.xml:19:17-77
31-->src/main/AndroidManifest.xml:19:27-74
32            </intent-filter>
33        </activity>
34    </application>
35
36</manifest>